<?xml version="1.0" encoding="UTF-8"?>
<testsuite name="homeworkmodule2.gradle.AppTest" tests="1" skipped="0" failures="0" errors="0" timestamp="2024-03-04T10:50:56" hostname="SERHII" time="0.019">
  <properties/>
  <testcase name="appHasAGreeting()" classname="homeworkmodule2.gradle.AppTest" time="0.019"/>
  <system-out><![CDATA[]]></system-out>
  <system-err><![CDATA[]]></system-err>
</testsuite>
